<?xml version="1.0" encoding="UTF-8"?>
<!-- Generated by org.testng.reporters.JUnitReportReporter -->
<testsuite hostname="CHAMPA" failures="0" tests="1" name="task.plista.testcases.TestcaseScenario1" time="15.217" errors="0" timestamp="8 Feb 2021 00:25:00 GMT">
  <testcase classname="task.plista.testcases.TestcaseScenario1" name="automationTask" time="15.217"/>
</testsuite> <!-- task.plista.testcases.TestcaseScenario1 -->
