<?xml version="1.0" encoding="UTF-8"?>
<!-- Generated by org.testng.reporters.JUnitReportReporter -->
<testsuite hostname="CHAMPA" failures="0" tests="1" name="task.plista.testcases.TestCaseScenario2" time="14.385" errors="0" timestamp="8 Feb 2021 00:51:43 GMT">
  <testcase classname="task.plista.testcases.TestCaseScenario2" name="automationTask" time="14.385"/>
</testsuite> <!-- task.plista.testcases.TestCaseScenario2 -->
