<?xml version="1.0" encoding="UTF-8"?>
<!-- Generated by org.testng.reporters.JUnitReportReporter -->
<testsuite hostname="CHAMPA" failures="0" tests="1" name="task.plista.testcases.TestcaseSceenario3$TestCaseScenario2" time="13.247" errors="0" timestamp="8 Feb 2021 00:57:54 GMT">
  <testcase classname="task.plista.testcases.TestcaseSceenario3$TestCaseScenario2" name="automationTask" time="13.247"/>
</testsuite> <!-- task.plista.testcases.TestcaseSceenario3$TestCaseScenario2 -->
